[2022-08-01 14:26:59,758] {taskinstance.py:1179} INFO - Dependencies all met for <TaskInstance: weather_dag.weather manual__2022-08-01T14:26:56.971576+00:00 [queued]>
[2022-08-01 14:26:59,787] {taskinstance.py:1179} INFO - Dependencies all met for <TaskInstance: weather_dag.weather manual__2022-08-01T14:26:56.971576+00:00 [queued]>
[2022-08-01 14:26:59,790] {taskinstance.py:1376} INFO - 
--------------------------------------------------------------------------------
[2022-08-01 14:26:59,792] {taskinstance.py:1377} INFO - Starting attempt 1 of 2
[2022-08-01 14:26:59,794] {taskinstance.py:1378} INFO - 
--------------------------------------------------------------------------------
[2022-08-01 14:26:59,832] {taskinstance.py:1397} INFO - Executing <Task(PythonOperator): weather> on 2022-08-01 14:26:56.971576+00:00
[2022-08-01 14:26:59,848] {standard_task_runner.py:52} INFO - Started process 987 to run task
[2022-08-01 14:26:59,862] {standard_task_runner.py:79} INFO - Running: ['***', 'tasks', 'run', 'weather_dag', 'weather', 'manual__2022-08-01T14:26:56.971576+00:00', '--job-id', '28', '--raw', '--subdir', 'DAGS_FOLDER/weather_dag.py', '--cfg-path', '/tmp/tmp9hcaipsv', '--error-file', '/tmp/tmpxgb9hgi2']
[2022-08-01 14:26:59,867] {standard_task_runner.py:80} INFO - Job 28: Subtask weather
[2022-08-01 14:27:00,301] {task_command.py:371} INFO - Running <TaskInstance: weather_dag.weather manual__2022-08-01T14:26:56.971576+00:00 [running]> on host 43173a86041a
[2022-08-01 14:27:00,439] {taskinstance.py:1589} INFO - Exporting the following env vars:
AIRFLOW_CTX_DAG_EMAIL=***@example.com
AIRFLOW_CTX_DAG_OWNER=***
AIRFLOW_CTX_DAG_ID=weather_dag
AIRFLOW_CTX_TASK_ID=weather
AIRFLOW_CTX_EXECUTION_DATE=2022-08-01T14:26:56.971576+00:00
AIRFLOW_CTX_TRY_NUMBER=1
AIRFLOW_CTX_DAG_RUN_ID=manual__2022-08-01T14:26:56.971576+00:00
[2022-08-01 14:27:00,447] {logging_mixin.py:115} INFO - ETL Pipeline
[2022-08-01 14:27:00,461] {logging_mixin.py:115} INFO - Extraction stage started...
[2022-08-01 14:27:00,974] {logging_mixin.py:115} INFO - Transform stage started...
[2022-08-01 14:27:00,991] {logging_mixin.py:115} INFO - Data is valid, proceed to load stage.
[2022-08-01 14:27:00,993] {logging_mixin.py:115} INFO - Load stage started...
[2022-08-01 14:27:01,001] {logging_mixin.py:115} INFO - Database open successfully
[2022-08-01 14:27:01,020] {logging_mixin.py:115} INFO - Database has the data.
[2022-08-01 14:27:01,023] {python.py:173} INFO - Done. Returned value was: None
[2022-08-01 14:27:01,067] {taskinstance.py:1415} INFO - Marking task as SUCCESS. dag_id=weather_dag, task_id=weather, execution_date=20220801T142656, start_date=20220801T142659, end_date=20220801T142701
[2022-08-01 14:27:01,176] {local_task_job.py:156} INFO - Task exited with return code 0
[2022-08-01 14:27:01,616] {local_task_job.py:273} INFO - 0 downstream tasks scheduled from follow-on schedule check
