[2022-08-01 13:26:30,959] {taskinstance.py:1179} INFO - Dependencies all met for <TaskInstance: weather_dag.weather manual__2022-08-01T13:26:28.858586+00:00 [queued]>
[2022-08-01 13:26:30,986] {taskinstance.py:1179} INFO - Dependencies all met for <TaskInstance: weather_dag.weather manual__2022-08-01T13:26:28.858586+00:00 [queued]>
[2022-08-01 13:26:30,988] {taskinstance.py:1376} INFO - 
--------------------------------------------------------------------------------
[2022-08-01 13:26:30,991] {taskinstance.py:1377} INFO - Starting attempt 1 of 2
[2022-08-01 13:26:30,993] {taskinstance.py:1378} INFO - 
--------------------------------------------------------------------------------
[2022-08-01 13:26:31,030] {taskinstance.py:1397} INFO - Executing <Task(PythonOperator): weather> on 2022-08-01 13:26:28.858586+00:00
[2022-08-01 13:26:31,038] {standard_task_runner.py:52} INFO - Started process 262 to run task
[2022-08-01 13:26:31,052] {standard_task_runner.py:79} INFO - Running: ['***', 'tasks', 'run', 'weather_dag', 'weather', 'manual__2022-08-01T13:26:28.858586+00:00', '--job-id', '8', '--raw', '--subdir', 'DAGS_FOLDER/weather_dag.py', '--cfg-path', '/tmp/tmpckz3nldi', '--error-file', '/tmp/tmp996b1ye2']
[2022-08-01 13:26:31,055] {standard_task_runner.py:80} INFO - Job 8: Subtask weather
[2022-08-01 13:26:31,207] {task_command.py:371} INFO - Running <TaskInstance: weather_dag.weather manual__2022-08-01T13:26:28.858586+00:00 [running]> on host 43173a86041a
[2022-08-01 13:26:31,431] {taskinstance.py:1589} INFO - Exporting the following env vars:
AIRFLOW_CTX_DAG_EMAIL=***@example.com
AIRFLOW_CTX_DAG_OWNER=***
AIRFLOW_CTX_DAG_ID=weather_dag
AIRFLOW_CTX_TASK_ID=weather
AIRFLOW_CTX_EXECUTION_DATE=2022-08-01T13:26:28.858586+00:00
AIRFLOW_CTX_TRY_NUMBER=1
AIRFLOW_CTX_DAG_RUN_ID=manual__2022-08-01T13:26:28.858586+00:00
[2022-08-01 13:26:31,437] {logging_mixin.py:115} INFO - ETL Pipeline
[2022-08-01 13:26:31,442] {logging_mixin.py:115} INFO - Extraction stage started...
[2022-08-01 13:26:31,444] {logging_mixin.py:115} INFO - Transform stage started...
[2022-08-01 13:26:31,446] {logging_mixin.py:115} INFO - Load stage started...
[2022-08-01 13:26:31,449] {python.py:173} INFO - Done. Returned value was: None
[2022-08-01 13:26:31,498] {taskinstance.py:1415} INFO - Marking task as SUCCESS. dag_id=weather_dag, task_id=weather, execution_date=20220801T132628, start_date=20220801T132630, end_date=20220801T132631
[2022-08-01 13:26:31,587] {local_task_job.py:156} INFO - Task exited with return code 0
[2022-08-01 13:26:31,692] {local_task_job.py:273} INFO - 0 downstream tasks scheduled from follow-on schedule check
