[2022-08-01 15:46:20,846] {taskinstance.py:1179} INFO - Dependencies all met for <TaskInstance: weather_dag.weather manual__2022-08-01T15:46:15.362685+00:00 [queued]>
[2022-08-01 15:46:20,878] {taskinstance.py:1179} INFO - Dependencies all met for <TaskInstance: weather_dag.weather manual__2022-08-01T15:46:15.362685+00:00 [queued]>
[2022-08-01 15:46:20,880] {taskinstance.py:1376} INFO - 
--------------------------------------------------------------------------------
[2022-08-01 15:46:20,881] {taskinstance.py:1377} INFO - Starting attempt 1 of 2
[2022-08-01 15:46:20,883] {taskinstance.py:1378} INFO - 
--------------------------------------------------------------------------------
[2022-08-01 15:46:20,917] {taskinstance.py:1397} INFO - Executing <Task(PythonOperator): weather> on 2022-08-01 15:46:15.362685+00:00
[2022-08-01 15:46:20,932] {standard_task_runner.py:52} INFO - Started process 90 to run task
[2022-08-01 15:46:20,944] {standard_task_runner.py:79} INFO - Running: ['***', 'tasks', 'run', 'weather_dag', 'weather', 'manual__2022-08-01T15:46:15.362685+00:00', '--job-id', '47', '--raw', '--subdir', 'DAGS_FOLDER/weather_dag.py', '--cfg-path', '/tmp/tmpgi73bo9y', '--error-file', '/tmp/tmp062kzylm']
[2022-08-01 15:46:20,947] {standard_task_runner.py:80} INFO - Job 47: Subtask weather
[2022-08-01 15:46:21,114] {task_command.py:371} INFO - Running <TaskInstance: weather_dag.weather manual__2022-08-01T15:46:15.362685+00:00 [running]> on host ced0d753a54e
[2022-08-01 15:46:21,323] {taskinstance.py:1589} INFO - Exporting the following env vars:
AIRFLOW_CTX_DAG_EMAIL=***@example.com
AIRFLOW_CTX_DAG_OWNER=***
AIRFLOW_CTX_DAG_ID=weather_dag
AIRFLOW_CTX_TASK_ID=weather
AIRFLOW_CTX_EXECUTION_DATE=2022-08-01T15:46:15.362685+00:00
AIRFLOW_CTX_TRY_NUMBER=1
AIRFLOW_CTX_DAG_RUN_ID=manual__2022-08-01T15:46:15.362685+00:00
[2022-08-01 15:46:21,328] {logging_mixin.py:115} INFO - ETL Pipeline
[2022-08-01 15:46:21,332] {logging_mixin.py:115} INFO - Extraction stage started...
[2022-08-01 15:46:21,831] {logging_mixin.py:115} INFO - Transform stage started...
[2022-08-01 15:46:21,852] {logging_mixin.py:115} INFO - Data is valid, proceed to load stage.
[2022-08-01 15:46:21,854] {logging_mixin.py:115} INFO - Load stage started...
[2022-08-01 15:46:21,864] {logging_mixin.py:115} INFO - Database open successfully
[2022-08-01 15:46:21,888] {logging_mixin.py:115} INFO - Database has the data.
[2022-08-01 15:46:21,891] {python.py:173} INFO - Done. Returned value was: None
[2022-08-01 15:46:21,944] {taskinstance.py:1415} INFO - Marking task as SUCCESS. dag_id=weather_dag, task_id=weather, execution_date=20220801T154615, start_date=20220801T154620, end_date=20220801T154621
[2022-08-01 15:46:22,003] {local_task_job.py:156} INFO - Task exited with return code 0
[2022-08-01 15:46:22,097] {local_task_job.py:273} INFO - 0 downstream tasks scheduled from follow-on schedule check
