[2022-08-01 14:30:12,630] {taskinstance.py:1179} INFO - Dependencies all met for <TaskInstance: weather_dag.weather manual__2022-08-01T14:30:09.723038+00:00 [queued]>
[2022-08-01 14:30:12,653] {taskinstance.py:1179} INFO - Dependencies all met for <TaskInstance: weather_dag.weather manual__2022-08-01T14:30:09.723038+00:00 [queued]>
[2022-08-01 14:30:12,654] {taskinstance.py:1376} INFO - 
--------------------------------------------------------------------------------
[2022-08-01 14:30:12,656] {taskinstance.py:1377} INFO - Starting attempt 1 of 2
[2022-08-01 14:30:12,658] {taskinstance.py:1378} INFO - 
--------------------------------------------------------------------------------
[2022-08-01 14:30:12,700] {taskinstance.py:1397} INFO - Executing <Task(PythonOperator): weather> on 2022-08-01 14:30:09.723038+00:00
[2022-08-01 14:30:12,709] {standard_task_runner.py:52} INFO - Started process 1026 to run task
[2022-08-01 14:30:12,721] {standard_task_runner.py:79} INFO - Running: ['***', 'tasks', 'run', 'weather_dag', 'weather', 'manual__2022-08-01T14:30:09.723038+00:00', '--job-id', '29', '--raw', '--subdir', 'DAGS_FOLDER/weather_dag.py', '--cfg-path', '/tmp/tmphqdf4izb', '--error-file', '/tmp/tmpmawpax72']
[2022-08-01 14:30:12,725] {standard_task_runner.py:80} INFO - Job 29: Subtask weather
[2022-08-01 14:30:13,022] {task_command.py:371} INFO - Running <TaskInstance: weather_dag.weather manual__2022-08-01T14:30:09.723038+00:00 [running]> on host 43173a86041a
[2022-08-01 14:30:13,191] {taskinstance.py:1589} INFO - Exporting the following env vars:
AIRFLOW_CTX_DAG_EMAIL=***@example.com
AIRFLOW_CTX_DAG_OWNER=***
AIRFLOW_CTX_DAG_ID=weather_dag
AIRFLOW_CTX_TASK_ID=weather
AIRFLOW_CTX_EXECUTION_DATE=2022-08-01T14:30:09.723038+00:00
AIRFLOW_CTX_TRY_NUMBER=1
AIRFLOW_CTX_DAG_RUN_ID=manual__2022-08-01T14:30:09.723038+00:00
[2022-08-01 14:30:13,194] {logging_mixin.py:115} INFO - ETL Pipeline
[2022-08-01 14:30:13,195] {logging_mixin.py:115} INFO - Extraction stage started...
[2022-08-01 14:30:13,783] {logging_mixin.py:115} INFO - Transform stage started...
[2022-08-01 14:30:13,800] {logging_mixin.py:115} INFO - Data is valid, proceed to load stage.
[2022-08-01 14:30:13,803] {logging_mixin.py:115} INFO - Load stage started...
[2022-08-01 14:30:13,811] {logging_mixin.py:115} INFO - Database open successfully
[2022-08-01 14:30:13,820] {logging_mixin.py:115} INFO - Database has the data.
[2022-08-01 14:30:13,823] {python.py:173} INFO - Done. Returned value was: None
[2022-08-01 14:30:13,858] {taskinstance.py:1415} INFO - Marking task as SUCCESS. dag_id=weather_dag, task_id=weather, execution_date=20220801T143009, start_date=20220801T143012, end_date=20220801T143013
[2022-08-01 14:30:13,953] {local_task_job.py:156} INFO - Task exited with return code 0
[2022-08-01 14:30:14,233] {local_task_job.py:273} INFO - 0 downstream tasks scheduled from follow-on schedule check
