[2022-08-01 16:09:31,228] {taskinstance.py:1179} INFO - Dependencies all met for <TaskInstance: weather_dag.weather manual__2022-08-01T16:09:25.695646+00:00 [queued]>
[2022-08-01 16:09:31,252] {taskinstance.py:1179} INFO - Dependencies all met for <TaskInstance: weather_dag.weather manual__2022-08-01T16:09:25.695646+00:00 [queued]>
[2022-08-01 16:09:31,254] {taskinstance.py:1376} INFO - 
--------------------------------------------------------------------------------
[2022-08-01 16:09:31,256] {taskinstance.py:1377} INFO - Starting attempt 1 of 2
[2022-08-01 16:09:31,258] {taskinstance.py:1378} INFO - 
--------------------------------------------------------------------------------
[2022-08-01 16:09:31,290] {taskinstance.py:1397} INFO - Executing <Task(PythonOperator): weather> on 2022-08-01 16:09:25.695646+00:00
[2022-08-01 16:09:31,304] {standard_task_runner.py:52} INFO - Started process 33 to run task
[2022-08-01 16:09:31,316] {standard_task_runner.py:79} INFO - Running: ['***', 'tasks', 'run', 'weather_dag', 'weather', 'manual__2022-08-01T16:09:25.695646+00:00', '--job-id', '66', '--raw', '--subdir', 'DAGS_FOLDER/weather_dag.py', '--cfg-path', '/tmp/tmppbx0bvsq', '--error-file', '/tmp/tmpk9dehixw']
[2022-08-01 16:09:31,320] {standard_task_runner.py:80} INFO - Job 66: Subtask weather
[2022-08-01 16:09:31,503] {task_command.py:371} INFO - Running <TaskInstance: weather_dag.weather manual__2022-08-01T16:09:25.695646+00:00 [running]> on host ced0d753a54e
[2022-08-01 16:09:31,691] {taskinstance.py:1589} INFO - Exporting the following env vars:
AIRFLOW_CTX_DAG_EMAIL=***@example.com
AIRFLOW_CTX_DAG_OWNER=***
AIRFLOW_CTX_DAG_ID=weather_dag
AIRFLOW_CTX_TASK_ID=weather
AIRFLOW_CTX_EXECUTION_DATE=2022-08-01T16:09:25.695646+00:00
AIRFLOW_CTX_TRY_NUMBER=1
AIRFLOW_CTX_DAG_RUN_ID=manual__2022-08-01T16:09:25.695646+00:00
[2022-08-01 16:09:31,698] {logging_mixin.py:115} INFO - ETL Pipeline
[2022-08-01 16:09:31,701] {logging_mixin.py:115} INFO - Extraction stage started...
[2022-08-01 16:09:32,226] {logging_mixin.py:115} INFO - Transform stage started...
[2022-08-01 16:09:32,248] {logging_mixin.py:115} INFO - Data is valid, proceed to load stage.
[2022-08-01 16:09:32,251] {logging_mixin.py:115} INFO - Load stage started...
[2022-08-01 16:09:32,259] {logging_mixin.py:115} INFO - Database open successfully
[2022-08-01 16:09:32,262] {logging_mixin.py:115} INFO - Database has the data.
[2022-08-01 16:09:32,264] {logging_mixin.py:115} INFO - Database close successfully.
[2022-08-01 16:09:32,267] {python.py:173} INFO - Done. Returned value was: None
[2022-08-01 16:09:32,307] {taskinstance.py:1415} INFO - Marking task as SUCCESS. dag_id=weather_dag, task_id=weather, execution_date=20220801T160925, start_date=20220801T160931, end_date=20220801T160932
[2022-08-01 16:09:32,374] {local_task_job.py:156} INFO - Task exited with return code 0
[2022-08-01 16:09:32,481] {local_task_job.py:273} INFO - 0 downstream tasks scheduled from follow-on schedule check
