[2022-08-01 14:49:03,219] {taskinstance.py:1179} INFO - Dependencies all met for <TaskInstance: weather_dag.weather manual__2022-08-01T14:48:58.206958+00:00 [queued]>
[2022-08-01 14:49:03,256] {taskinstance.py:1179} INFO - Dependencies all met for <TaskInstance: weather_dag.weather manual__2022-08-01T14:48:58.206958+00:00 [queued]>
[2022-08-01 14:49:03,257] {taskinstance.py:1376} INFO - 
--------------------------------------------------------------------------------
[2022-08-01 14:49:03,259] {taskinstance.py:1377} INFO - Starting attempt 1 of 2
[2022-08-01 14:49:03,261] {taskinstance.py:1378} INFO - 
--------------------------------------------------------------------------------
[2022-08-01 14:49:03,303] {taskinstance.py:1397} INFO - Executing <Task(PythonOperator): weather> on 2022-08-01 14:48:58.206958+00:00
[2022-08-01 14:49:03,315] {standard_task_runner.py:52} INFO - Started process 1269 to run task
[2022-08-01 14:49:03,325] {standard_task_runner.py:79} INFO - Running: ['***', 'tasks', 'run', 'weather_dag', 'weather', 'manual__2022-08-01T14:48:58.206958+00:00', '--job-id', '38', '--raw', '--subdir', 'DAGS_FOLDER/weather_dag.py', '--cfg-path', '/tmp/tmpcr_wygzj', '--error-file', '/tmp/tmpv45xe48b']
[2022-08-01 14:49:03,331] {standard_task_runner.py:80} INFO - Job 38: Subtask weather
[2022-08-01 14:49:03,846] {task_command.py:371} INFO - Running <TaskInstance: weather_dag.weather manual__2022-08-01T14:48:58.206958+00:00 [running]> on host 43173a86041a
[2022-08-01 14:49:04,009] {taskinstance.py:1589} INFO - Exporting the following env vars:
AIRFLOW_CTX_DAG_EMAIL=***@example.com
AIRFLOW_CTX_DAG_OWNER=***
AIRFLOW_CTX_DAG_ID=weather_dag
AIRFLOW_CTX_TASK_ID=weather
AIRFLOW_CTX_EXECUTION_DATE=2022-08-01T14:48:58.206958+00:00
AIRFLOW_CTX_TRY_NUMBER=1
AIRFLOW_CTX_DAG_RUN_ID=manual__2022-08-01T14:48:58.206958+00:00
[2022-08-01 14:49:04,012] {logging_mixin.py:115} INFO - ETL Pipeline
[2022-08-01 14:49:04,014] {logging_mixin.py:115} INFO - Extraction stage started...
[2022-08-01 14:49:04,492] {logging_mixin.py:115} INFO - Transform stage started...
[2022-08-01 14:49:04,505] {logging_mixin.py:115} INFO - Data is valid, proceed to load stage.
[2022-08-01 14:49:04,506] {logging_mixin.py:115} INFO - Load stage started...
[2022-08-01 14:49:04,557] {logging_mixin.py:115} INFO - Database open successfully
[2022-08-01 14:49:04,582] {logging_mixin.py:115} INFO - Database has the data.
[2022-08-01 14:49:04,585] {python.py:173} INFO - Done. Returned value was: None
[2022-08-01 14:49:04,622] {taskinstance.py:1415} INFO - Marking task as SUCCESS. dag_id=weather_dag, task_id=weather, execution_date=20220801T144858, start_date=20220801T144903, end_date=20220801T144904
[2022-08-01 14:49:04,723] {local_task_job.py:156} INFO - Task exited with return code 0
[2022-08-01 14:49:05,060] {local_task_job.py:273} INFO - 0 downstream tasks scheduled from follow-on schedule check
