[2022-08-01 16:00:59,892] {taskinstance.py:1179} INFO - Dependencies all met for <TaskInstance: weather_dag.weather manual__2022-08-01T15:59:42.038455+00:00 [queued]>
[2022-08-01 16:00:59,915] {taskinstance.py:1179} INFO - Dependencies all met for <TaskInstance: weather_dag.weather manual__2022-08-01T15:59:42.038455+00:00 [queued]>
[2022-08-01 16:00:59,916] {taskinstance.py:1376} INFO - 
--------------------------------------------------------------------------------
[2022-08-01 16:00:59,917] {taskinstance.py:1377} INFO - Starting attempt 2 of 2
[2022-08-01 16:00:59,919] {taskinstance.py:1378} INFO - 
--------------------------------------------------------------------------------
[2022-08-01 16:00:59,951] {taskinstance.py:1397} INFO - Executing <Task(PythonOperator): weather> on 2022-08-01 15:59:42.038455+00:00
[2022-08-01 16:00:59,957] {standard_task_runner.py:52} INFO - Started process 220 to run task
[2022-08-01 16:00:59,969] {standard_task_runner.py:79} INFO - Running: ['***', 'tasks', 'run', 'weather_dag', 'weather', 'manual__2022-08-01T15:59:42.038455+00:00', '--job-id', '61', '--raw', '--subdir', 'DAGS_FOLDER/weather_dag.py', '--cfg-path', '/tmp/tmpu8_ioba9', '--error-file', '/tmp/tmport_j7jg']
[2022-08-01 16:00:59,971] {standard_task_runner.py:80} INFO - Job 61: Subtask weather
[2022-08-01 16:01:00,131] {task_command.py:371} INFO - Running <TaskInstance: weather_dag.weather manual__2022-08-01T15:59:42.038455+00:00 [running]> on host ced0d753a54e
[2022-08-01 16:01:00,314] {taskinstance.py:1589} INFO - Exporting the following env vars:
AIRFLOW_CTX_DAG_EMAIL=***@example.com
AIRFLOW_CTX_DAG_OWNER=***
AIRFLOW_CTX_DAG_ID=weather_dag
AIRFLOW_CTX_TASK_ID=weather
AIRFLOW_CTX_EXECUTION_DATE=2022-08-01T15:59:42.038455+00:00
AIRFLOW_CTX_TRY_NUMBER=2
AIRFLOW_CTX_DAG_RUN_ID=manual__2022-08-01T15:59:42.038455+00:00
[2022-08-01 16:01:00,316] {logging_mixin.py:115} INFO - ETL Pipeline
[2022-08-01 16:01:00,317] {logging_mixin.py:115} INFO - Extraction stage started...
[2022-08-01 16:01:00,842] {logging_mixin.py:115} INFO - Transform stage started...
[2022-08-01 16:01:00,874] {logging_mixin.py:115} INFO - Data is valid, proceed to load stage.
[2022-08-01 16:01:00,879] {logging_mixin.py:115} INFO - Load stage started...
[2022-08-01 16:01:00,917] {logging_mixin.py:115} INFO - Database open successfully
[2022-08-01 16:01:00,974] {logging_mixin.py:115} INFO - Database has the data.
[2022-08-01 16:01:00,976] {logging_mixin.py:115} INFO - Database close successfully.
[2022-08-01 16:01:00,977] {python.py:173} INFO - Done. Returned value was: None
[2022-08-01 16:01:01,053] {taskinstance.py:1415} INFO - Marking task as SUCCESS. dag_id=weather_dag, task_id=weather, execution_date=20220801T155942, start_date=20220801T160059, end_date=20220801T160101
[2022-08-01 16:01:01,243] {local_task_job.py:156} INFO - Task exited with return code 0
[2022-08-01 16:01:01,482] {local_task_job.py:273} INFO - 0 downstream tasks scheduled from follow-on schedule check
