[2022-08-01 15:23:48,640] {taskinstance.py:1179} INFO - Dependencies all met for <TaskInstance: weather_dag.weather manual__2022-08-01T15:23:42.768186+00:00 [queued]>
[2022-08-01 15:23:48,675] {taskinstance.py:1179} INFO - Dependencies all met for <TaskInstance: weather_dag.weather manual__2022-08-01T15:23:42.768186+00:00 [queued]>
[2022-08-01 15:23:48,680] {taskinstance.py:1376} INFO - 
--------------------------------------------------------------------------------
[2022-08-01 15:23:48,683] {taskinstance.py:1377} INFO - Starting attempt 1 of 2
[2022-08-01 15:23:48,686] {taskinstance.py:1378} INFO - 
--------------------------------------------------------------------------------
[2022-08-01 15:23:48,734] {taskinstance.py:1397} INFO - Executing <Task(PythonOperator): weather> on 2022-08-01 15:23:42.768186+00:00
[2022-08-01 15:23:48,751] {standard_task_runner.py:52} INFO - Started process 33 to run task
[2022-08-01 15:23:48,766] {standard_task_runner.py:79} INFO - Running: ['***', 'tasks', 'run', 'weather_dag', 'weather', 'manual__2022-08-01T15:23:42.768186+00:00', '--job-id', '42', '--raw', '--subdir', 'DAGS_FOLDER/weather_dag.py', '--cfg-path', '/tmp/tmpy7wodte0', '--error-file', '/tmp/tmp33cnnaip']
[2022-08-01 15:23:48,771] {standard_task_runner.py:80} INFO - Job 42: Subtask weather
[2022-08-01 15:23:48,962] {task_command.py:371} INFO - Running <TaskInstance: weather_dag.weather manual__2022-08-01T15:23:42.768186+00:00 [running]> on host ced0d753a54e
[2022-08-01 15:23:49,133] {taskinstance.py:1589} INFO - Exporting the following env vars:
AIRFLOW_CTX_DAG_EMAIL=***@example.com
AIRFLOW_CTX_DAG_OWNER=***
AIRFLOW_CTX_DAG_ID=weather_dag
AIRFLOW_CTX_TASK_ID=weather
AIRFLOW_CTX_EXECUTION_DATE=2022-08-01T15:23:42.768186+00:00
AIRFLOW_CTX_TRY_NUMBER=1
AIRFLOW_CTX_DAG_RUN_ID=manual__2022-08-01T15:23:42.768186+00:00
[2022-08-01 15:23:49,139] {logging_mixin.py:115} INFO - ETL Pipeline
[2022-08-01 15:23:49,143] {logging_mixin.py:115} INFO - Extraction stage started...
[2022-08-01 15:23:49,698] {logging_mixin.py:115} INFO - Transform stage started...
[2022-08-01 15:23:49,732] {logging_mixin.py:115} INFO - Data is valid, proceed to load stage.
[2022-08-01 15:23:49,736] {logging_mixin.py:115} INFO - Load stage started...
[2022-08-01 15:23:49,745] {logging_mixin.py:115} INFO - Database open successfully
[2022-08-01 15:23:49,780] {logging_mixin.py:115} INFO - Database has the data.
[2022-08-01 15:23:49,783] {python.py:173} INFO - Done. Returned value was: None
[2022-08-01 15:23:49,829] {taskinstance.py:1415} INFO - Marking task as SUCCESS. dag_id=weather_dag, task_id=weather, execution_date=20220801T152342, start_date=20220801T152348, end_date=20220801T152349
[2022-08-01 15:23:49,916] {local_task_job.py:156} INFO - Task exited with return code 0
[2022-08-01 15:23:50,015] {local_task_job.py:273} INFO - 0 downstream tasks scheduled from follow-on schedule check
