[2022-08-01 15:15:38,097] {taskinstance.py:1179} INFO - Dependencies all met for <TaskInstance: weather_dag.weather manual__2022-08-01T15:15:32.081797+00:00 [queued]>
[2022-08-01 15:15:38,119] {taskinstance.py:1179} INFO - Dependencies all met for <TaskInstance: weather_dag.weather manual__2022-08-01T15:15:32.081797+00:00 [queued]>
[2022-08-01 15:15:38,121] {taskinstance.py:1376} INFO - 
--------------------------------------------------------------------------------
[2022-08-01 15:15:38,123] {taskinstance.py:1377} INFO - Starting attempt 1 of 2
[2022-08-01 15:15:38,124] {taskinstance.py:1378} INFO - 
--------------------------------------------------------------------------------
[2022-08-01 15:15:38,161] {taskinstance.py:1397} INFO - Executing <Task(PythonOperator): weather> on 2022-08-01 15:15:32.081797+00:00
[2022-08-01 15:15:38,182] {standard_task_runner.py:52} INFO - Started process 39 to run task
[2022-08-01 15:15:38,194] {standard_task_runner.py:79} INFO - Running: ['***', 'tasks', 'run', 'weather_dag', 'weather', 'manual__2022-08-01T15:15:32.081797+00:00', '--job-id', '40', '--raw', '--subdir', 'DAGS_FOLDER/weather_dag.py', '--cfg-path', '/tmp/tmp97z4iqkc', '--error-file', '/tmp/tmp40z3jbqr']
[2022-08-01 15:15:38,198] {standard_task_runner.py:80} INFO - Job 40: Subtask weather
[2022-08-01 15:15:38,392] {task_command.py:371} INFO - Running <TaskInstance: weather_dag.weather manual__2022-08-01T15:15:32.081797+00:00 [running]> on host ced0d753a54e
[2022-08-01 15:15:38,593] {taskinstance.py:1589} INFO - Exporting the following env vars:
AIRFLOW_CTX_DAG_EMAIL=***@example.com
AIRFLOW_CTX_DAG_OWNER=***
AIRFLOW_CTX_DAG_ID=weather_dag
AIRFLOW_CTX_TASK_ID=weather
AIRFLOW_CTX_EXECUTION_DATE=2022-08-01T15:15:32.081797+00:00
AIRFLOW_CTX_TRY_NUMBER=1
AIRFLOW_CTX_DAG_RUN_ID=manual__2022-08-01T15:15:32.081797+00:00
[2022-08-01 15:15:38,600] {logging_mixin.py:115} INFO - ETL Pipeline
[2022-08-01 15:15:38,603] {logging_mixin.py:115} INFO - Extraction stage started...
[2022-08-01 15:15:39,102] {logging_mixin.py:115} INFO - Transform stage started...
[2022-08-01 15:15:39,124] {logging_mixin.py:115} INFO - Data is valid, proceed to load stage.
[2022-08-01 15:15:39,126] {logging_mixin.py:115} INFO - Load stage started...
[2022-08-01 15:15:39,171] {logging_mixin.py:115} INFO - Database open successfully
[2022-08-01 15:15:39,203] {logging_mixin.py:115} INFO - Database has the data.
[2022-08-01 15:15:39,206] {python.py:173} INFO - Done. Returned value was: None
[2022-08-01 15:15:39,245] {taskinstance.py:1415} INFO - Marking task as SUCCESS. dag_id=weather_dag, task_id=weather, execution_date=20220801T151532, start_date=20220801T151538, end_date=20220801T151539
[2022-08-01 15:15:39,301] {local_task_job.py:156} INFO - Task exited with return code 0
[2022-08-01 15:15:39,399] {local_task_job.py:273} INFO - 0 downstream tasks scheduled from follow-on schedule check
