[2022-08-01 14:47:58,301] {taskinstance.py:1179} INFO - Dependencies all met for <TaskInstance: weather_dag.weather manual__2022-08-01T14:46:49.305285+00:00 [queued]>
[2022-08-01 14:47:58,343] {taskinstance.py:1179} INFO - Dependencies all met for <TaskInstance: weather_dag.weather manual__2022-08-01T14:46:49.305285+00:00 [queued]>
[2022-08-01 14:47:58,349] {taskinstance.py:1376} INFO - 
--------------------------------------------------------------------------------
[2022-08-01 14:47:58,351] {taskinstance.py:1377} INFO - Starting attempt 2 of 2
[2022-08-01 14:47:58,354] {taskinstance.py:1378} INFO - 
--------------------------------------------------------------------------------
[2022-08-01 14:47:58,447] {taskinstance.py:1397} INFO - Executing <Task(PythonOperator): weather> on 2022-08-01 14:46:49.305285+00:00
[2022-08-01 14:47:58,459] {standard_task_runner.py:52} INFO - Started process 1253 to run task
[2022-08-01 14:47:58,472] {standard_task_runner.py:79} INFO - Running: ['***', 'tasks', 'run', 'weather_dag', 'weather', 'manual__2022-08-01T14:46:49.305285+00:00', '--job-id', '37', '--raw', '--subdir', 'DAGS_FOLDER/weather_dag.py', '--cfg-path', '/tmp/tmpglse6dkb', '--error-file', '/tmp/tmpvv82f379']
[2022-08-01 14:47:58,475] {standard_task_runner.py:80} INFO - Job 37: Subtask weather
[2022-08-01 14:47:59,167] {task_command.py:371} INFO - Running <TaskInstance: weather_dag.weather manual__2022-08-01T14:46:49.305285+00:00 [running]> on host 43173a86041a
[2022-08-01 14:47:59,457] {taskinstance.py:1589} INFO - Exporting the following env vars:
AIRFLOW_CTX_DAG_EMAIL=***@example.com
AIRFLOW_CTX_DAG_OWNER=***
AIRFLOW_CTX_DAG_ID=weather_dag
AIRFLOW_CTX_TASK_ID=weather
AIRFLOW_CTX_EXECUTION_DATE=2022-08-01T14:46:49.305285+00:00
AIRFLOW_CTX_TRY_NUMBER=2
AIRFLOW_CTX_DAG_RUN_ID=manual__2022-08-01T14:46:49.305285+00:00
[2022-08-01 14:47:59,460] {logging_mixin.py:115} INFO - ETL Pipeline
[2022-08-01 14:47:59,462] {logging_mixin.py:115} INFO - Extraction stage started...
[2022-08-01 14:48:00,022] {logging_mixin.py:115} INFO - Transform stage started...
[2022-08-01 14:48:00,041] {logging_mixin.py:115} INFO - Data is valid, proceed to load stage.
[2022-08-01 14:48:00,043] {logging_mixin.py:115} INFO - Load stage started...
[2022-08-01 14:48:00,048] {logging_mixin.py:115} INFO - Database open successfully
[2022-08-01 14:48:00,078] {logging_mixin.py:115} INFO - Database has the data.
[2022-08-01 14:48:00,081] {python.py:173} INFO - Done. Returned value was: None
[2022-08-01 14:48:00,129] {taskinstance.py:1415} INFO - Marking task as SUCCESS. dag_id=weather_dag, task_id=weather, execution_date=20220801T144649, start_date=20220801T144758, end_date=20220801T144800
[2022-08-01 14:48:00,258] {local_task_job.py:156} INFO - Task exited with return code 0
[2022-08-01 14:48:01,163] {local_task_job.py:273} INFO - 0 downstream tasks scheduled from follow-on schedule check
