[2022-08-01 14:35:22,981] {taskinstance.py:1179} INFO - Dependencies all met for <TaskInstance: weather_dag.weather manual__2022-08-01T14:35:20.221634+00:00 [queued]>
[2022-08-01 14:35:22,997] {taskinstance.py:1179} INFO - Dependencies all met for <TaskInstance: weather_dag.weather manual__2022-08-01T14:35:20.221634+00:00 [queued]>
[2022-08-01 14:35:22,999] {taskinstance.py:1376} INFO - 
--------------------------------------------------------------------------------
[2022-08-01 14:35:23,000] {taskinstance.py:1377} INFO - Starting attempt 1 of 2
[2022-08-01 14:35:23,001] {taskinstance.py:1378} INFO - 
--------------------------------------------------------------------------------
[2022-08-01 14:35:23,049] {taskinstance.py:1397} INFO - Executing <Task(PythonOperator): weather> on 2022-08-01 14:35:20.221634+00:00
[2022-08-01 14:35:23,065] {standard_task_runner.py:52} INFO - Started process 1095 to run task
[2022-08-01 14:35:23,073] {standard_task_runner.py:79} INFO - Running: ['***', 'tasks', 'run', 'weather_dag', 'weather', 'manual__2022-08-01T14:35:20.221634+00:00', '--job-id', '32', '--raw', '--subdir', 'DAGS_FOLDER/weather_dag.py', '--cfg-path', '/tmp/tmp3pprfq6u', '--error-file', '/tmp/tmpf_km3ue0']
[2022-08-01 14:35:23,078] {standard_task_runner.py:80} INFO - Job 32: Subtask weather
[2022-08-01 14:35:23,460] {task_command.py:371} INFO - Running <TaskInstance: weather_dag.weather manual__2022-08-01T14:35:20.221634+00:00 [running]> on host 43173a86041a
[2022-08-01 14:35:23,618] {taskinstance.py:1589} INFO - Exporting the following env vars:
AIRFLOW_CTX_DAG_EMAIL=***@example.com
AIRFLOW_CTX_DAG_OWNER=***
AIRFLOW_CTX_DAG_ID=weather_dag
AIRFLOW_CTX_TASK_ID=weather
AIRFLOW_CTX_EXECUTION_DATE=2022-08-01T14:35:20.221634+00:00
AIRFLOW_CTX_TRY_NUMBER=1
AIRFLOW_CTX_DAG_RUN_ID=manual__2022-08-01T14:35:20.221634+00:00
[2022-08-01 14:35:23,625] {logging_mixin.py:115} INFO - ETL Pipeline
[2022-08-01 14:35:23,627] {logging_mixin.py:115} INFO - Extraction stage started...
[2022-08-01 14:35:24,114] {logging_mixin.py:115} INFO - Transform stage started...
[2022-08-01 14:35:24,139] {logging_mixin.py:115} INFO - Data is valid, proceed to load stage.
[2022-08-01 14:35:24,142] {logging_mixin.py:115} INFO - Load stage started...
[2022-08-01 14:35:24,152] {logging_mixin.py:115} INFO - Database open successfully
[2022-08-01 14:35:24,179] {logging_mixin.py:115} INFO - Database has the data.
[2022-08-01 14:35:24,183] {python.py:173} INFO - Done. Returned value was: None
[2022-08-01 14:35:24,231] {taskinstance.py:1415} INFO - Marking task as SUCCESS. dag_id=weather_dag, task_id=weather, execution_date=20220801T143520, start_date=20220801T143522, end_date=20220801T143524
[2022-08-01 14:35:24,379] {local_task_job.py:156} INFO - Task exited with return code 0
[2022-08-01 14:35:24,717] {local_task_job.py:273} INFO - 0 downstream tasks scheduled from follow-on schedule check
