[2022-08-01 18:22:28,332] {taskinstance.py:1179} INFO - Dependencies all met for <TaskInstance: weather_dag.weather manual__2022-08-01T18:22:22.827884+00:00 [queued]>
[2022-08-01 18:22:28,371] {taskinstance.py:1179} INFO - Dependencies all met for <TaskInstance: weather_dag.weather manual__2022-08-01T18:22:22.827884+00:00 [queued]>
[2022-08-01 18:22:28,373] {taskinstance.py:1376} INFO - 
--------------------------------------------------------------------------------
[2022-08-01 18:22:28,375] {taskinstance.py:1377} INFO - Starting attempt 1 of 2
[2022-08-01 18:22:28,393] {taskinstance.py:1378} INFO - 
--------------------------------------------------------------------------------
[2022-08-01 18:22:28,445] {taskinstance.py:1397} INFO - Executing <Task(PythonOperator): weather> on 2022-08-01 18:22:22.827884+00:00
[2022-08-01 18:22:28,474] {standard_task_runner.py:52} INFO - Started process 184 to run task
[2022-08-01 18:22:28,493] {standard_task_runner.py:79} INFO - Running: ['***', 'tasks', 'run', 'weather_dag', 'weather', 'manual__2022-08-01T18:22:22.827884+00:00', '--job-id', '71', '--raw', '--subdir', 'DAGS_FOLDER/weather_dag.py', '--cfg-path', '/tmp/tmpyoqr39gt', '--error-file', '/tmp/tmpv4tnzl5a']
[2022-08-01 18:22:28,768] {standard_task_runner.py:80} INFO - Job 71: Subtask weather
[2022-08-01 18:22:29,333] {task_command.py:371} INFO - Running <TaskInstance: weather_dag.weather manual__2022-08-01T18:22:22.827884+00:00 [running]> on host 609638d3e31f
[2022-08-01 18:22:29,740] {taskinstance.py:1589} INFO - Exporting the following env vars:
AIRFLOW_CTX_DAG_EMAIL=***@example.com
AIRFLOW_CTX_DAG_OWNER=***
AIRFLOW_CTX_DAG_ID=weather_dag
AIRFLOW_CTX_TASK_ID=weather
AIRFLOW_CTX_EXECUTION_DATE=2022-08-01T18:22:22.827884+00:00
AIRFLOW_CTX_TRY_NUMBER=1
AIRFLOW_CTX_DAG_RUN_ID=manual__2022-08-01T18:22:22.827884+00:00
[2022-08-01 18:22:29,745] {logging_mixin.py:115} INFO - ETL Pipeline
[2022-08-01 18:22:29,746] {logging_mixin.py:115} INFO - Extraction stage started...
[2022-08-01 18:22:29,747] {logging_mixin.py:115} INFO - url done
[2022-08-01 18:22:30,203] {logging_mixin.py:115} INFO - Transform stage started...
[2022-08-01 18:22:30,221] {logging_mixin.py:115} INFO - Data is valid, proceed to load stage.
[2022-08-01 18:22:30,223] {logging_mixin.py:115} INFO - Load stage started...
[2022-08-01 18:22:30,231] {logging_mixin.py:115} INFO - Database open successfully
[2022-08-01 18:22:30,250] {logging_mixin.py:115} INFO - Database has the data.
[2022-08-01 18:22:30,252] {logging_mixin.py:115} INFO - Database close successfully.
[2022-08-01 18:22:30,253] {python.py:173} INFO - Done. Returned value was: None
[2022-08-01 18:22:30,282] {taskinstance.py:1415} INFO - Marking task as SUCCESS. dag_id=weather_dag, task_id=weather, execution_date=20220801T182222, start_date=20220801T182228, end_date=20220801T182230
[2022-08-01 18:22:30,366] {local_task_job.py:156} INFO - Task exited with return code 0
[2022-08-01 18:22:30,499] {local_task_job.py:273} INFO - 0 downstream tasks scheduled from follow-on schedule check
