[2022-08-01 13:22:01,377] {taskinstance.py:1179} INFO - Dependencies all met for <TaskInstance: weather_dag.weather manual__2022-08-01T13:21:58.871334+00:00 [queued]>
[2022-08-01 13:22:01,409] {taskinstance.py:1179} INFO - Dependencies all met for <TaskInstance: weather_dag.weather manual__2022-08-01T13:21:58.871334+00:00 [queued]>
[2022-08-01 13:22:01,411] {taskinstance.py:1376} INFO - 
--------------------------------------------------------------------------------
[2022-08-01 13:22:01,416] {taskinstance.py:1377} INFO - Starting attempt 1 of 2
[2022-08-01 13:22:01,420] {taskinstance.py:1378} INFO - 
--------------------------------------------------------------------------------
[2022-08-01 13:22:01,473] {taskinstance.py:1397} INFO - Executing <Task(PythonOperator): weather> on 2022-08-01 13:21:58.871334+00:00
[2022-08-01 13:22:01,490] {standard_task_runner.py:52} INFO - Started process 210 to run task
[2022-08-01 13:22:01,505] {standard_task_runner.py:79} INFO - Running: ['***', 'tasks', 'run', 'weather_dag', 'weather', 'manual__2022-08-01T13:21:58.871334+00:00', '--job-id', '7', '--raw', '--subdir', 'DAGS_FOLDER/weather_dag.py', '--cfg-path', '/tmp/tmp4cro9uzy', '--error-file', '/tmp/tmpseojjzw4']
[2022-08-01 13:22:01,510] {standard_task_runner.py:80} INFO - Job 7: Subtask weather
[2022-08-01 13:22:01,710] {task_command.py:371} INFO - Running <TaskInstance: weather_dag.weather manual__2022-08-01T13:21:58.871334+00:00 [running]> on host 43173a86041a
[2022-08-01 13:22:01,893] {taskinstance.py:1589} INFO - Exporting the following env vars:
AIRFLOW_CTX_DAG_EMAIL=***@example.com
AIRFLOW_CTX_DAG_OWNER=***
AIRFLOW_CTX_DAG_ID=weather_dag
AIRFLOW_CTX_TASK_ID=weather
AIRFLOW_CTX_EXECUTION_DATE=2022-08-01T13:21:58.871334+00:00
AIRFLOW_CTX_TRY_NUMBER=1
AIRFLOW_CTX_DAG_RUN_ID=manual__2022-08-01T13:21:58.871334+00:00
[2022-08-01 13:22:01,899] {logging_mixin.py:115} INFO - hello
[2022-08-01 13:22:01,901] {python.py:173} INFO - Done. Returned value was: None
[2022-08-01 13:22:01,936] {taskinstance.py:1415} INFO - Marking task as SUCCESS. dag_id=weather_dag, task_id=weather, execution_date=20220801T132158, start_date=20220801T132201, end_date=20220801T132201
[2022-08-01 13:22:02,014] {local_task_job.py:156} INFO - Task exited with return code 0
[2022-08-01 13:22:02,132] {local_task_job.py:273} INFO - 0 downstream tasks scheduled from follow-on schedule check
