[2022-08-01 16:01:06,507] {taskinstance.py:1179} INFO - Dependencies all met for <TaskInstance: weather_dag.weather manual__2022-08-01T16:01:00.584726+00:00 [queued]>
[2022-08-01 16:01:06,534] {taskinstance.py:1179} INFO - Dependencies all met for <TaskInstance: weather_dag.weather manual__2022-08-01T16:01:00.584726+00:00 [queued]>
[2022-08-01 16:01:06,536] {taskinstance.py:1376} INFO - 
--------------------------------------------------------------------------------
[2022-08-01 16:01:06,538] {taskinstance.py:1377} INFO - Starting attempt 1 of 2
[2022-08-01 16:01:06,540] {taskinstance.py:1378} INFO - 
--------------------------------------------------------------------------------
[2022-08-01 16:01:06,580] {taskinstance.py:1397} INFO - Executing <Task(PythonOperator): weather> on 2022-08-01 16:01:00.584726+00:00
[2022-08-01 16:01:06,593] {standard_task_runner.py:52} INFO - Started process 226 to run task
[2022-08-01 16:01:06,607] {standard_task_runner.py:79} INFO - Running: ['***', 'tasks', 'run', 'weather_dag', 'weather', 'manual__2022-08-01T16:01:00.584726+00:00', '--job-id', '62', '--raw', '--subdir', 'DAGS_FOLDER/weather_dag.py', '--cfg-path', '/tmp/tmpva9xuekd', '--error-file', '/tmp/tmpwp85y6ef']
[2022-08-01 16:01:06,610] {standard_task_runner.py:80} INFO - Job 62: Subtask weather
[2022-08-01 16:01:06,777] {task_command.py:371} INFO - Running <TaskInstance: weather_dag.weather manual__2022-08-01T16:01:00.584726+00:00 [running]> on host ced0d753a54e
[2022-08-01 16:01:06,943] {taskinstance.py:1589} INFO - Exporting the following env vars:
AIRFLOW_CTX_DAG_EMAIL=***@example.com
AIRFLOW_CTX_DAG_OWNER=***
AIRFLOW_CTX_DAG_ID=weather_dag
AIRFLOW_CTX_TASK_ID=weather
AIRFLOW_CTX_EXECUTION_DATE=2022-08-01T16:01:00.584726+00:00
AIRFLOW_CTX_TRY_NUMBER=1
AIRFLOW_CTX_DAG_RUN_ID=manual__2022-08-01T16:01:00.584726+00:00
[2022-08-01 16:01:06,947] {logging_mixin.py:115} INFO - ETL Pipeline
[2022-08-01 16:01:06,949] {logging_mixin.py:115} INFO - Extraction stage started...
[2022-08-01 16:01:07,290] {logging_mixin.py:115} INFO - Transform stage started...
[2022-08-01 16:01:07,311] {logging_mixin.py:115} INFO - Data is valid, proceed to load stage.
[2022-08-01 16:01:07,314] {logging_mixin.py:115} INFO - Load stage started...
[2022-08-01 16:01:07,322] {logging_mixin.py:115} INFO - Database open successfully
[2022-08-01 16:01:07,344] {logging_mixin.py:115} INFO - Database has the data.
[2022-08-01 16:01:07,348] {logging_mixin.py:115} INFO - Database close successfully.
[2022-08-01 16:01:07,350] {python.py:173} INFO - Done. Returned value was: None
[2022-08-01 16:01:07,409] {taskinstance.py:1415} INFO - Marking task as SUCCESS. dag_id=weather_dag, task_id=weather, execution_date=20220801T160100, start_date=20220801T160106, end_date=20220801T160107
[2022-08-01 16:01:07,504] {local_task_job.py:156} INFO - Task exited with return code 0
[2022-08-01 16:01:07,576] {local_task_job.py:273} INFO - 0 downstream tasks scheduled from follow-on schedule check
