[2022-08-01 15:35:52,475] {taskinstance.py:1179} INFO - Dependencies all met for <TaskInstance: weather_dag.weather manual__2022-08-01T15:35:46.604621+00:00 [queued]>
[2022-08-01 15:35:52,499] {taskinstance.py:1179} INFO - Dependencies all met for <TaskInstance: weather_dag.weather manual__2022-08-01T15:35:46.604621+00:00 [queued]>
[2022-08-01 15:35:52,501] {taskinstance.py:1376} INFO - 
--------------------------------------------------------------------------------
[2022-08-01 15:35:52,504] {taskinstance.py:1377} INFO - Starting attempt 1 of 2
[2022-08-01 15:35:52,506] {taskinstance.py:1378} INFO - 
--------------------------------------------------------------------------------
[2022-08-01 15:35:52,563] {taskinstance.py:1397} INFO - Executing <Task(PythonOperator): weather> on 2022-08-01 15:35:46.604621+00:00
[2022-08-01 15:35:52,571] {standard_task_runner.py:52} INFO - Started process 35 to run task
[2022-08-01 15:35:52,579] {standard_task_runner.py:79} INFO - Running: ['***', 'tasks', 'run', 'weather_dag', 'weather', 'manual__2022-08-01T15:35:46.604621+00:00', '--job-id', '44', '--raw', '--subdir', 'DAGS_FOLDER/weather_dag.py', '--cfg-path', '/tmp/tmpdjgb32va', '--error-file', '/tmp/tmpns4j8ujt']
[2022-08-01 15:35:52,583] {standard_task_runner.py:80} INFO - Job 44: Subtask weather
[2022-08-01 15:35:52,741] {task_command.py:371} INFO - Running <TaskInstance: weather_dag.weather manual__2022-08-01T15:35:46.604621+00:00 [running]> on host ced0d753a54e
[2022-08-01 15:35:52,890] {taskinstance.py:1589} INFO - Exporting the following env vars:
AIRFLOW_CTX_DAG_EMAIL=***@example.com
AIRFLOW_CTX_DAG_OWNER=***
AIRFLOW_CTX_DAG_ID=weather_dag
AIRFLOW_CTX_TASK_ID=weather
AIRFLOW_CTX_EXECUTION_DATE=2022-08-01T15:35:46.604621+00:00
AIRFLOW_CTX_TRY_NUMBER=1
AIRFLOW_CTX_DAG_RUN_ID=manual__2022-08-01T15:35:46.604621+00:00
[2022-08-01 15:35:52,893] {logging_mixin.py:115} INFO - ETL Pipeline
[2022-08-01 15:35:52,894] {logging_mixin.py:115} INFO - Extraction stage started...
[2022-08-01 15:35:53,491] {logging_mixin.py:115} INFO - Transform stage started...
[2022-08-01 15:35:53,508] {logging_mixin.py:115} INFO - Data is valid, proceed to load stage.
[2022-08-01 15:35:53,510] {logging_mixin.py:115} INFO - Load stage started...
[2022-08-01 15:35:53,516] {logging_mixin.py:115} INFO - Database open successfully
[2022-08-01 15:35:53,538] {logging_mixin.py:115} INFO - Database has the data.
[2022-08-01 15:35:53,540] {python.py:173} INFO - Done. Returned value was: None
[2022-08-01 15:35:53,580] {taskinstance.py:1415} INFO - Marking task as SUCCESS. dag_id=weather_dag, task_id=weather, execution_date=20220801T153546, start_date=20220801T153552, end_date=20220801T153553
[2022-08-01 15:35:53,648] {local_task_job.py:156} INFO - Task exited with return code 0
[2022-08-01 15:35:53,744] {local_task_job.py:273} INFO - 0 downstream tasks scheduled from follow-on schedule check
